[0.105s] DEBUG:colcon:Command line arguments: ['/usr/bin/colcon', 'build', '--paths', 'src/autonomous_robot_simulation/*']
[0.105s] DEBUG:colcon:Parsed command line arguments: Namespace(log_base=None, log_level=None, verb_name='build', build_base='build', install_base='install', merge_install=False, symlink_install=False, test_result_base=None, continue_on_error=False, executor='parallel', parallel_workers=8, event_handlers=None, ignore_user_meta=False, metas=['./colcon.meta'], base_paths=['.'], packages_ignore=None, packages_ignore_regex=None, paths=['/home/snorlix/colcon_ws/src/autonomous_robot_simulation/path_planning_dynamic/src/autonomous_robot_simulation/*'], packages_up_to=None, packages_up_to_regex=None, packages_above=None, packages_above_and_dependencies=None, packages_above_depth=None, packages_select_by_dep=None, packages_skip_by_dep=None, packages_skip_up_to=None, packages_select_build_failed=False, packages_skip_build_finished=False, packages_select_test_failures=False, packages_skip_test_passed=False, packages_select=None, packages_skip=None, packages_select_regex=None, packages_skip_regex=None, packages_start=None, packages_end=None, allow_overriding=[], cmake_args=None, cmake_target=None, cmake_target_skip_unavailable=False, cmake_clean_cache=False, cmake_clean_first=False, cmake_force_configure=False, ament_cmake_args=None, catkin_cmake_args=None, catkin_skip_building_tests=False, mixin_files=None, mixin=None, verb_parser=<colcon_mixin.mixin.mixin_argument.MixinArgumentDecorator object at 0x7a79018b5490>, verb_extension=<colcon_core.verb.build.BuildVerb object at 0x7a79019d99d0>, main=<bound method BuildVerb.main of <colcon_core.verb.build.BuildVerb object at 0x7a79019d99d0>>, mixin_verb=('build',))
[0.137s] Level 1:colcon.colcon_core.package_discovery:discover_packages(colcon_meta) check parameters
[0.137s] Level 1:colcon.colcon_core.package_discovery:discover_packages(recursive) check parameters
[0.137s] Level 1:colcon.colcon_core.package_discovery:discover_packages(ignore) check parameters
[0.137s] Level 1:colcon.colcon_core.package_discovery:discover_packages(path) check parameters
[0.137s] Level 1:colcon.colcon_core.package_discovery:discover_packages(path) discover
[0.137s] Level 5:colcon.colcon_core.package_discovery:expand_dir_wildcards() expanding '/home/snorlix/colcon_ws/src/autonomous_robot_simulation/path_planning_dynamic/src/autonomous_robot_simulation/*' to []
[0.137s] Level 1:colcon.colcon_core.package_discovery:PathPackageDiscovery.discover([])
[0.138s] Level 1:colcon.colcon_core.package_discovery:discover_packages(path) using defaults
[0.155s] Level 1:colcon.colcon_core.package_discovery:discover_packages(prefix_path) check parameters
[0.155s] Level 1:colcon.colcon_core.package_discovery:discover_packages(prefix_path) discover
[0.157s] DEBUG:colcon.colcon_installed_package_information.package_discovery:Found 17 installed packages in /home/snorlix/colcon_ws/install
[0.159s] DEBUG:colcon.colcon_installed_package_information.package_discovery:Found 539 installed packages in /opt/ros/jazzy
[0.160s] Level 1:colcon.colcon_core.package_discovery:discover_packages(prefix_path) using defaults
[0.236s] INFO:colcon.colcon_core.executor:Executing jobs using 'parallel' executor
[0.237s] DEBUG:colcon.colcon_parallel_executor.executor.parallel:run_until_complete
[0.237s] DEBUG:colcon.colcon_parallel_executor.executor.parallel:closing loop
[0.237s] DEBUG:colcon.colcon_parallel_executor.executor.parallel:loop closed
[0.237s] DEBUG:colcon.colcon_parallel_executor.executor.parallel:run_until_complete finished with '0'
[0.237s] DEBUG:colcon.colcon_core.event_reactor:joining thread
[0.242s] INFO:colcon.colcon_core.plugin_system:Skipping extension 'colcon_notification.desktop_notification.terminal_notifier': Not used on non-Darwin systems
[0.242s] INFO:colcon.colcon_core.plugin_system:Skipping extension 'colcon_notification.desktop_notification.win32': Not used on non-Windows systems
[0.242s] INFO:colcon.colcon_notification.desktop_notification:Sending desktop notification using 'notify2'
[0.253s] DEBUG:colcon.colcon_core.event_reactor:joined thread
[0.255s] INFO:colcon.colcon_core.plugin_system:Skipping extension 'colcon_core.shell.bat': Not used on non-Windows systems
[0.255s] INFO:colcon.colcon_core.shell:Creating prefix script '/home/snorlix/colcon_ws/src/autonomous_robot_simulation/path_planning_dynamic/install/local_setup.ps1'
[0.256s] INFO:colcon.colcon_core.shell:Creating prefix util module '/home/snorlix/colcon_ws/src/autonomous_robot_simulation/path_planning_dynamic/install/_local_setup_util_ps1.py'
[0.257s] INFO:colcon.colcon_core.shell:Creating prefix chain script '/home/snorlix/colcon_ws/src/autonomous_robot_simulation/path_planning_dynamic/install/setup.ps1'
[0.259s] INFO:colcon.colcon_core.shell:Creating prefix script '/home/snorlix/colcon_ws/src/autonomous_robot_simulation/path_planning_dynamic/install/local_setup.sh'
[0.259s] INFO:colcon.colcon_core.shell:Creating prefix util module '/home/snorlix/colcon_ws/src/autonomous_robot_simulation/path_planning_dynamic/install/_local_setup_util_sh.py'
[0.260s] INFO:colcon.colcon_core.shell:Creating prefix chain script '/home/snorlix/colcon_ws/src/autonomous_robot_simulation/path_planning_dynamic/install/setup.sh'
[0.261s] INFO:colcon.colcon_core.shell:Creating prefix script '/home/snorlix/colcon_ws/src/autonomous_robot_simulation/path_planning_dynamic/install/local_setup.bash'
[0.262s] INFO:colcon.colcon_core.shell:Creating prefix chain script '/home/snorlix/colcon_ws/src/autonomous_robot_simulation/path_planning_dynamic/install/setup.bash'
[0.263s] INFO:colcon.colcon_core.shell:Creating prefix script '/home/snorlix/colcon_ws/src/autonomous_robot_simulation/path_planning_dynamic/install/local_setup.zsh'
[0.263s] INFO:colcon.colcon_core.shell:Creating prefix chain script '/home/snorlix/colcon_ws/src/autonomous_robot_simulation/path_planning_dynamic/install/setup.zsh'
